<?xml version="1.0" encoding="UTF-8"?>
<!-- Generated by org.testng.reporters.JUnitXMLReporter -->
<testsuite ignored="0" hostname="LAPTOP-D2ATB4FR" failures="0" tests="2" name="Flipkart Test" time="605.262" errors="0" timestamp="08 Feb 2021 14:26:28 GMT">
  <testcase classname="pkjTestCasesClasses.Test_Login_To_Flipkart" name="@BeforeTest beforeTest" time="604.481">
    <failure type="org.openqa.selenium.SessionNotCreatedException" message="session not created
from timeout: Timed out receiving message from renderer: 600.000
  (Session info: chrome=88.0.4324.146)
Build info: version: &amp;apos;3.5.3&amp;apos;, revision: &amp;apos;a88d25fe6b&amp;apos;, time: &amp;apos;2017-08-29T12:42:44.417Z&amp;apos;
System info: host: &amp;apos;LAPTOP-D2ATB4FR&amp;apos;, ip: &amp;apos;192.168.0.102&amp;apos;, os.name: &amp;apos;Windows 10&amp;apos;, os.arch: &amp;apos;amd64&amp;apos;, os.version: &amp;apos;10.0&amp;apos;, java.version: &amp;apos;11.0.2&amp;apos;
Driver info: driver.version: ChromeDriver
remote stacktrace: Backtrace:
	Ordinal0 [0x00DEC0C3+3326147]
	Ordinal0 [0x00CD0851+2164817]
	Ordinal0 [0x00B57298+619160]
	Ordinal0 [0x00B4B17F+569727]
	Ordinal0 [0x00B4A421+566305]
	Ordinal0 [0x00B4A815+567317]
	Ordinal0 [0x00B4A135+565557]
	Ordinal0 [0x00B538B1+604337]
	Ordinal0 [0x00B4A0F1+565489]
	Ordinal0 [0x00B4AEA2+568994]
	Ordinal0 [0x00B4A421+566305]
	Ordinal0 [0x00B4A815+567317]
	Ordinal0 [0x00B4A135+565557]
	Ordinal0 [0x00B51D2C+597292]
	Ordinal0 [0x00B4A0F1+565489]
	Ordinal0 [0x00B4AEA2+568994]
	Ordinal0 [0x00B4A421+566305]
	Ordinal0 [0x00B4A815+567317]
	Ordinal0 [0x00B4A135+565557]
	Ordinal0 [0x00B4FE62+589410]
	Ordinal0 [0x00B4A0F1+565489]
	Ordinal0 [0x00B4AEA2+568994]
	Ordinal0 [0x00B4A421+566305]
	Ordinal0 [0x00B4A815+567317]
	Ordinal0 [0x00B4A135+565557]
	Ordinal0 [0x00B4F075+585845]
	Ordinal0 [0x00B4A0F1+565489]
	Ordinal0 [0x00B4AEA2+568994]
	Ordinal0 [0x00B4A421+566305]
	Ordinal0 [0x00B4A815+567317]
	Ordinal0 [0x00B4A135+565557]
	Ordinal0 [0x00B46776+550774]
	Ordinal0 [0x00B4A0F1+565489]
	Ordinal0 [0x00B49F13+565011]
	Ordinal0 [0x00B49D07+564487]
	Ordinal0 [0x00B582C0+623296]
	Ordinal0 [0x00AF6BDD+224221]
	Ordinal0 [0x00AF5CAC+220332]
	Ordinal0 [0x00AF189B+202907]
	Ordinal0 [0x00AD3DF4+81396]
	Ordinal0 [0x00AD4DEE+85486]
	Ordinal0 [0x00AD4D79+85369]
	Ordinal0 [0x00CE85DC+2262492]
	GetHandleVerifier [0x00F72874+1487204]
	GetHandleVerifier [0x00F723CD+1486013]
	GetHandleVerifier [0x00F7A368+1518680]
	GetHandleVerifier [0x00F72F4E+1488958]
	Ordinal0 [0x00CDED0D+2223373]
	Ordinal0 [0x00CEA12B+2269483]
	Ordinal0 [0x00CEA26F+2269807]
	Ordinal0 [0x00CFECB8+2354360]
	BaseThreadInitThunk [0x776AFA29+25]
	RtlGetAppContainerNamedObjectPath [0x778F75F4+228]
	RtlGetAppContainerNamedObjectPath [0x778F75C4+180]
">
      <![CDATA[org.openqa.selenium.SessionNotCreatedException: session not created
from timeout: Timed out receiving message from renderer: 600.000
  (Session info: chrome=88.0.4324.146)
Build info: version: '3.5.3', revision: 'a88d25fe6b', time: '2017-08-29T12:42:44.417Z'
System info: host: 'LAPTOP-D2ATB4FR', ip: '192.168.0.102', os.name: 'Windows 10', os.arch: 'amd64', os.version: '10.0', java.version: '11.0.2'
Driver info: driver.version: ChromeDriver
remote stacktrace: Backtrace:
Ordinal0 [0x00DEC0C3+3326147]
Ordinal0 [0x00CD0851+2164817]
Ordinal0 [0x00B57298+619160]
Ordinal0 [0x00B4B17F+569727]
Ordinal0 [0x00B4A421+566305]
Ordinal0 [0x00B4A815+567317]
Ordinal0 [0x00B4A135+565557]
Ordinal0 [0x00B538B1+604337]
Ordinal0 [0x00B4A0F1+565489]
Ordinal0 [0x00B4AEA2+568994]
Ordinal0 [0x00B4A421+566305]
Ordinal0 [0x00B4A815+567317]
Ordinal0 [0x00B4A135+565557]
Ordinal0 [0x00B51D2C+597292]
Ordinal0 [0x00B4A0F1+565489]
Ordinal0 [0x00B4AEA2+568994]
Ordinal0 [0x00B4A421+566305]
Ordinal0 [0x00B4A815+567317]
Ordinal0 [0x00B4A135+565557]
Ordinal0 [0x00B4FE62+589410]
Ordinal0 [0x00B4A0F1+565489]
Ordinal0 [0x00B4AEA2+568994]
Ordinal0 [0x00B4A421+566305]
Ordinal0 [0x00B4A815+567317]
Ordinal0 [0x00B4A135+565557]
Ordinal0 [0x00B4F075+585845]
Ordinal0 [0x00B4A0F1+565489]
Ordinal0 [0x00B4AEA2+568994]
Ordinal0 [0x00B4A421+566305]
Ordinal0 [0x00B4A815+567317]
Ordinal0 [0x00B4A135+565557]
Ordinal0 [0x00B46776+550774]
Ordinal0 [0x00B4A0F1+565489]
Ordinal0 [0x00B49F13+565011]
Ordinal0 [0x00B49D07+564487]
Ordinal0 [0x00B582C0+623296]
Ordinal0 [0x00AF6BDD+224221]
Ordinal0 [0x00AF5CAC+220332]
Ordinal0 [0x00AF189B+202907]
Ordinal0 [0x00AD3DF4+81396]
Ordinal0 [0x00AD4DEE+85486]
Ordinal0 [0x00AD4D79+85369]
Ordinal0 [0x00CE85DC+2262492]
GetHandleVerifier [0x00F72874+1487204]
GetHandleVerifier [0x00F723CD+1486013]
GetHandleVerifier [0x00F7A368+1518680]
GetHandleVerifier [0x00F72F4E+1488958]
Ordinal0 [0x00CDED0D+2223373]
Ordinal0 [0x00CEA12B+2269483]
Ordinal0 [0x00CEA26F+2269807]
Ordinal0 [0x00CFECB8+2354360]
BaseThreadInitThunk [0x776AFA29+25]
RtlGetAppContainerNamedObjectPath [0x778F75F4+228]
RtlGetAppContainerNamedObjectPath [0x778F75C4+180]

at org.openqa.selenium.remote.W3CHandshakeResponse.lambda$new$0(W3CHandshakeResponse.java:57)
at org.openqa.selenium.remote.W3CHandshakeResponse.lambda$getResponseFunction$2(W3CHandshakeResponse.java:104)
at org.openqa.selenium.remote.ProtocolHandshake.lambda$createSession$24(ProtocolHandshake.java:359)
at java.base/java.util.stream.ReferencePipeline$3$1.accept(ReferencePipeline.java:195)
at java.base/java.util.Spliterators$ArraySpliterator.tryAdvance(Spliterators.java:958)
at java.base/java.util.stream.ReferencePipeline.forEachWithCancel(ReferencePipeline.java:127)
at java.base/java.util.stream.AbstractPipeline.copyIntoWithCancel(AbstractPipeline.java:502)
at java.base/java.util.stream.AbstractPipeline.copyInto(AbstractPipeline.java:488)
at java.base/java.util.stream.AbstractPipeline.wrapAndCopyInto(AbstractPipeline.java:474)
at java.base/java.util.stream.FindOps$FindOp.evaluateSequential(FindOps.java:150)
at java.base/java.util.stream.AbstractPipeline.evaluate(AbstractPipeline.java:234)
at java.base/java.util.stream.ReferencePipeline.findFirst(ReferencePipeline.java:543)
at org.openqa.selenium.remote.ProtocolHandshake.createSession(ProtocolHandshake.java:362)
at org.openqa.selenium.remote.ProtocolHandshake.createSession(ProtocolHandshake.java:136)
at org.openqa.selenium.remote.HttpCommandExecutor.execute(HttpCommandExecutor.java:142)
at org.openqa.selenium.remote.service.DriverCommandExecutor.execute(DriverCommandExecutor.java:82)
at org.openqa.selenium.remote.RemoteWebDriver.execute(RemoteWebDriver.java:646)
at org.openqa.selenium.remote.RemoteWebDriver.startSession(RemoteWebDriver.java:255)
at org.openqa.selenium.remote.RemoteWebDriver.startSession(RemoteWebDriver.java:237)
at org.openqa.selenium.remote.RemoteWebDriver.<init>(RemoteWebDriver.java:138)
at org.openqa.selenium.chrome.ChromeDriver.<init>(ChromeDriver.java:178)
at org.openqa.selenium.chrome.ChromeDriver.<init>(ChromeDriver.java:167)
at org.openqa.selenium.chrome.ChromeDriver.<init>(ChromeDriver.java:124)
at pkjConfigClasses.Config.mthdInitWebDriver(Config.java:145)
at pkjConfigClasses.Config.mthdBeforeTest(Config.java:119)
at pkjTestCasesClasses.Test_Login_To_Flipkart.beforeTest(Test_Login_To_Flipkart.java:46)
... Removed 32 stack frames]]>
    </failure>
  </testcase> <!-- @BeforeTest beforeTest -->
  <testcase classname="pkjTestCasesClasses.Test_Login_To_Flipkart" name="@AfterTest afterTest" time="0.0">
    <skipped/>
  </testcase> <!-- @AfterTest afterTest -->
  <testcase classname="pkjTestCasesClasses.Test_Login_To_Flipkart" name="login" time="0.0">
    <skipped/>
  </testcase> <!-- login -->
  <testcase classname="pkjTestCasesClasses.Test_Login_To_Flipkart" name="login" time="0.0">
    <skipped/>
  </testcase> <!-- login -->
</testsuite> <!-- Flipkart Test -->
