<html>
<head>
<title>TestNG:  Flipkart Test</title>
<link href="../testng.css" rel="stylesheet" type="text/css" />
<link href="../my-testng.css" rel="stylesheet" type="text/css" />

<style type="text/css">
.log { display: none;} 
.stack-trace { display: none;} 
</style>
<script type="text/javascript">
<!--
function flip(e) {
  current = e.style.display;
  if (current == 'block') {
    e.style.display = 'none';
    return 0;
  }
  else {
    e.style.display = 'block';
    return 1;
  }
}

function toggleBox(szDivId, elem, msg1, msg2)
{
  var res = -1;  if (document.getElementById) {
    res = flip(document.getElementById(szDivId));
  }
  else if (document.all) {
    // this is the way old msie versions work
    res = flip(document.all[szDivId]);
  }
  if(elem) {
    if(res == 0) elem.innerHTML = msg1; else elem.innerHTML = msg2;
  }

}

function toggleAllBoxes() {
  if (document.getElementsByTagName) {
    d = document.getElementsByTagName('div');
    for (i = 0; i < d.length; i++) {
      if (d[i].className == 'log') {
        flip(d[i]);
      }
    }
  }
}

// -->
</script>

</head>
<body>
<h2 align='center'>Flipkart Test</h2><table border='1' align="center">
<tr>
<td>Tests passed/Failed/Skipped:</td><td>0/0/2</td>
</tr><tr>
<td>Started on:</td><td>Mon Feb 08 19:46:23 IST 2021</td>
</tr>
<tr><td>Total time:</td><td>605 seconds (605262 ms)</td>
</tr><tr>
<td>Included groups:</td><td></td>
</tr><tr>
<td>Excluded groups:</td><td></td>
</tr>
</table><p/>
<small><i>(Hover the method name to see the test class name)</i></small><p/>
<table width='100%' border='1' class='invocation-failed'>
<tr><td colspan='4' align='center'><b>FAILED CONFIGURATIONS</b></td></tr>
<tr><td><b>Test method</b></td>
<td width="30%"><b>Exception</b></td>
<td width="10%"><b>Time (seconds)</b></td>
<td><b>Instance</b></td>
</tr>
<tr>
<td title='pkjTestCasesClasses.Test_Login_To_Flipkart.beforeTest()'><b>beforeTest</b><br>Test class: pkjTestCasesClasses.Test_Login_To_Flipkart<br>Parameters: Chrome</td>
<td><div><pre>org.openqa.selenium.SessionNotCreatedException: session not created
from timeout: Timed out receiving message from renderer: 600.000
  (Session info: chrome=88.0.4324.146)
Build info: version: &apos;3.5.3&apos;, revision: &apos;a88d25fe6b&apos;, time: &apos;2017-08-29T12:42:44.417Z&apos;
System info: host: &apos;LAPTOP-D2ATB4FR&apos;, ip: &apos;192.168.0.102&apos;, os.name: &apos;Windows 10&apos;, os.arch: &apos;amd64&apos;, os.version: &apos;10.0&apos;, java.version: &apos;11.0.2&apos;
Driver info: driver.version: ChromeDriver
remote stacktrace: Backtrace:
	Ordinal0 [0x00DEC0C3+3326147]
	Ordinal0 [0x00CD0851+2164817]
	Ordinal0 [0x00B57298+619160]
	Ordinal0 [0x00B4B17F+569727]
	Ordinal0 [0x00B4A421+566305]
	Ordinal0 [0x00B4A815+567317]
	Ordinal0 [0x00B4A135+565557]
	Ordinal0 [0x00B538B1+604337]
	Ordinal0 [0x00B4A0F1+565489]
	Ordinal0 [0x00B4AEA2+568994]
	Ordinal0 [0x00B4A421+566305]
	Ordinal0 [0x00B4A815+567317]
	Ordinal0 [0x00B4A135+565557]
	Ordinal0 [0x00B51D2C+597292]
	Ordinal0 [0x00B4A0F1+565489]
	Ordinal0 [0x00B4AEA2+568994]
	Ordinal0 [0x00B4A421+566305]
	Ordinal0 [0x00B4A815+567317]
	Ordinal0 [0x00B4A135+565557]
	Ordinal0 [0x00B4FE62+589410]
	Ordinal0 [0x00B4A0F1+565489]
	Ordinal0 [0x00B4AEA2+568994]
	Ordinal0 [0x00B4A421+566305]
	Ordinal0 [0x00B4A815+567317]
	Ordinal0 [0x00B4A135+565557]
	Ordinal0 [0x00B4F075+585845]
	Ordinal0 [0x00B4A0F1+565489]
	Ordinal0 [0x00B4AEA2+568994]
	Ordinal0 [0x00B4A421+566305]
	Ordinal0 [0x00B4A815+567317]
	Ordinal0 [0x00B4A135+565557]
	Ordinal0 [0x00B46776+550774]
	Ordinal0 [0x00B4A0F1+565489]
	Ordinal0 [0x00B49F13+565011]
	Ordinal0 [0x00B49D07+564487]
	Ordinal0 [0x00B582C0+623296]
	Ordinal0 [0x00AF6BDD+224221]
	Ordinal0 [0x00AF5CAC+220332]
	Ordinal0 [0x00AF189B+202907]
	Ordinal0 [0x00AD3DF4+81396]
	Ordinal0 [0x00AD4DEE+85486]
	Ordinal0 [0x00AD4D79+85369]
	Ordinal0 [0x00CE85DC+2262492]
	GetHandleVerifier [0x00F72874+1487204]
	GetHandleVerifier [0x00F723CD+1486013]
	GetHandleVerifier [0x00F7A368+1518680]
	GetHandleVerifier [0x00F72F4E+1488958]
	Ordinal0 [0x00CDED0D+2223373]
	Ordinal0 [0x00CEA12B+2269483]
	Ordinal0 [0x00CEA26F+2269807]
	Ordinal0 [0x00CFECB8+2354360]
	BaseThreadInitThunk [0x776AFA29+25]
	RtlGetAppContainerNamedObjectPath [0x778F75F4+228]
	RtlGetAppContainerNamedObjectPath [0x778F75C4+180]

	at org.openqa.selenium.remote.W3CHandshakeResponse.lambda$new$0(W3CHandshakeResponse.java:57)
	at org.openqa.selenium.remote.W3CHandshakeResponse.lambda$getResponseFunction$2(W3CHandshakeResponse.java:104)
	at org.openqa.selenium.remote.ProtocolHandshake.lambda$createSession$24(ProtocolHandshake.java:359)
	at java.base/java.util.stream.ReferencePipeline$3$1.accept(ReferencePipeline.java:195)
	at java.base/java.util.Spliterators$ArraySpliterator.tryAdvance(Spliterators.java:958)
	at java.base/java.util.stream.ReferencePipeline.forEachWithCancel(ReferencePipeline.java:127)
	at java.base/java.util.stream.AbstractPipeline.copyIntoWithCancel(AbstractPipeline.java:502)
	at java.base/java.util.stream.AbstractPipeline.copyInto(AbstractPipeline.java:488)
	at java.base/java.util.stream.AbstractPipeline.wrapAndCopyInto(AbstractPipeline.java:474)
	at java.base/java.util.stream.FindOps$FindOp.evaluateSequential(FindOps.java:150)
	at java.base/java.util.stream.AbstractPipeline.evaluate(AbstractPipeline.java:234)
	at java.base/java.util.stream.ReferencePipeline.findFirst(ReferencePipeline.java:543)
	at org.openqa.selenium.remote.ProtocolHandshake.createSession(ProtocolHandshake.java:362)
	at org.openqa.selenium.remote.ProtocolHandshake.createSession(ProtocolHandshake.java:136)
	at org.openqa.selenium.remote.HttpCommandExecutor.execute(HttpCommandExecutor.java:142)
	at org.openqa.selenium.remote.service.DriverCommandExecutor.execute(DriverCommandExecutor.java:82)
	at org.openqa.selenium.remote.RemoteWebDriver.execute(RemoteWebDriver.java:646)
	at org.openqa.selenium.remote.RemoteWebDriver.startSession(RemoteWebDriver.java:255)
	at org.openqa.selenium.remote.RemoteWebDriver.startSession(RemoteWebDriver.java:237)
	at org.openqa.selenium.remote.RemoteWebDriver.&lt;init&gt;(RemoteWebDriver.java:138)
	at org.openqa.selenium.chrome.ChromeDriver.&lt;init&gt;(ChromeDriver.java:178)
	at org.openqa.selenium.chrome.ChromeDriver.&lt;init&gt;(ChromeDriver.java:167)
	at org.openqa.selenium.chrome.ChromeDriver.&lt;init&gt;(ChromeDriver.java:124)
	at pkjConfigClasses.Config.mthdInitWebDriver(Config.java:145)
	at pkjConfigClasses.Config.mthdBeforeTest(Config.java:119)
	at pkjTestCasesClasses.Test_Login_To_Flipkart.beforeTest(Test_Login_To_Flipkart.java:46)
... Removed 32 stack frames</pre></div><a href='#' onClick='toggleBox("stack-trace1846539844", this, "Click to show all stack frames", "Click to hide stack frames")'>Click to show all stack frames</a>
<div class='stack-trace' id='stack-trace1846539844'><pre>org.openqa.selenium.SessionNotCreatedException: session not created
from timeout: Timed out receiving message from renderer: 600.000
  (Session info: chrome=88.0.4324.146)
Build info: version: &apos;3.5.3&apos;, revision: &apos;a88d25fe6b&apos;, time: &apos;2017-08-29T12:42:44.417Z&apos;
System info: host: &apos;LAPTOP-D2ATB4FR&apos;, ip: &apos;192.168.0.102&apos;, os.name: &apos;Windows 10&apos;, os.arch: &apos;amd64&apos;, os.version: &apos;10.0&apos;, java.version: &apos;11.0.2&apos;
Driver info: driver.version: ChromeDriver
remote stacktrace: Backtrace:
	Ordinal0 [0x00DEC0C3+3326147]
	Ordinal0 [0x00CD0851+2164817]
	Ordinal0 [0x00B57298+619160]
	Ordinal0 [0x00B4B17F+569727]
	Ordinal0 [0x00B4A421+566305]
	Ordinal0 [0x00B4A815+567317]
	Ordinal0 [0x00B4A135+565557]
	Ordinal0 [0x00B538B1+604337]
	Ordinal0 [0x00B4A0F1+565489]
	Ordinal0 [0x00B4AEA2+568994]
	Ordinal0 [0x00B4A421+566305]
	Ordinal0 [0x00B4A815+567317]
	Ordinal0 [0x00B4A135+565557]
	Ordinal0 [0x00B51D2C+597292]
	Ordinal0 [0x00B4A0F1+565489]
	Ordinal0 [0x00B4AEA2+568994]
	Ordinal0 [0x00B4A421+566305]
	Ordinal0 [0x00B4A815+567317]
	Ordinal0 [0x00B4A135+565557]
	Ordinal0 [0x00B4FE62+589410]
	Ordinal0 [0x00B4A0F1+565489]
	Ordinal0 [0x00B4AEA2+568994]
	Ordinal0 [0x00B4A421+566305]
	Ordinal0 [0x00B4A815+567317]
	Ordinal0 [0x00B4A135+565557]
	Ordinal0 [0x00B4F075+585845]
	Ordinal0 [0x00B4A0F1+565489]
	Ordinal0 [0x00B4AEA2+568994]
	Ordinal0 [0x00B4A421+566305]
	Ordinal0 [0x00B4A815+567317]
	Ordinal0 [0x00B4A135+565557]
	Ordinal0 [0x00B46776+550774]
	Ordinal0 [0x00B4A0F1+565489]
	Ordinal0 [0x00B49F13+565011]
	Ordinal0 [0x00B49D07+564487]
	Ordinal0 [0x00B582C0+623296]
	Ordinal0 [0x00AF6BDD+224221]
	Ordinal0 [0x00AF5CAC+220332]
	Ordinal0 [0x00AF189B+202907]
	Ordinal0 [0x00AD3DF4+81396]
	Ordinal0 [0x00AD4DEE+85486]
	Ordinal0 [0x00AD4D79+85369]
	Ordinal0 [0x00CE85DC+2262492]
	GetHandleVerifier [0x00F72874+1487204]
	GetHandleVerifier [0x00F723CD+1486013]
	GetHandleVerifier [0x00F7A368+1518680]
	GetHandleVerifier [0x00F72F4E+1488958]
	Ordinal0 [0x00CDED0D+2223373]
	Ordinal0 [0x00CEA12B+2269483]
	Ordinal0 [0x00CEA26F+2269807]
	Ordinal0 [0x00CFECB8+2354360]
	BaseThreadInitThunk [0x776AFA29+25]
	RtlGetAppContainerNamedObjectPath [0x778F75F4+228]
	RtlGetAppContainerNamedObjectPath [0x778F75C4+180]

	at java.base/jdk.internal.reflect.NativeConstructorAccessorImpl.newInstance0(Native Method)
	at java.base/jdk.internal.reflect.NativeConstructorAccessorImpl.newInstance(NativeConstructorAccessorImpl.java:62)
	at java.base/jdk.internal.reflect.DelegatingConstructorAccessorImpl.newInstance(DelegatingConstructorAccessorImpl.java:45)
	at java.base/java.lang.reflect.Constructor.newInstance(Constructor.java:490)
	at org.openqa.selenium.remote.W3CHandshakeResponse.lambda$new$0(W3CHandshakeResponse.java:57)
	at org.openqa.selenium.remote.W3CHandshakeResponse.lambda$getResponseFunction$2(W3CHandshakeResponse.java:104)
	at org.openqa.selenium.remote.ProtocolHandshake.lambda$createSession$24(ProtocolHandshake.java:359)
	at java.base/java.util.stream.ReferencePipeline$3$1.accept(ReferencePipeline.java:195)
	at java.base/java.util.Spliterators$ArraySpliterator.tryAdvance(Spliterators.java:958)
	at java.base/java.util.stream.ReferencePipeline.forEachWithCancel(ReferencePipeline.java:127)
	at java.base/java.util.stream.AbstractPipeline.copyIntoWithCancel(AbstractPipeline.java:502)
	at java.base/java.util.stream.AbstractPipeline.copyInto(AbstractPipeline.java:488)
	at java.base/java.util.stream.AbstractPipeline.wrapAndCopyInto(AbstractPipeline.java:474)
	at java.base/java.util.stream.FindOps$FindOp.evaluateSequential(FindOps.java:150)
	at java.base/java.util.stream.AbstractPipeline.evaluate(AbstractPipeline.java:234)
	at java.base/java.util.stream.ReferencePipeline.findFirst(ReferencePipeline.java:543)
	at org.openqa.selenium.remote.ProtocolHandshake.createSession(ProtocolHandshake.java:362)
	at org.openqa.selenium.remote.ProtocolHandshake.createSession(ProtocolHandshake.java:136)
	at org.openqa.selenium.remote.HttpCommandExecutor.execute(HttpCommandExecutor.java:142)
	at org.openqa.selenium.remote.service.DriverCommandExecutor.execute(DriverCommandExecutor.java:82)
	at org.openqa.selenium.remote.RemoteWebDriver.execute(RemoteWebDriver.java:646)
	at org.openqa.selenium.remote.RemoteWebDriver.startSession(RemoteWebDriver.java:255)
	at org.openqa.selenium.remote.RemoteWebDriver.startSession(RemoteWebDriver.java:237)
	at org.openqa.selenium.remote.RemoteWebDriver.&lt;init&gt;(RemoteWebDriver.java:138)
	at org.openqa.selenium.chrome.ChromeDriver.&lt;init&gt;(ChromeDriver.java:178)
	at org.openqa.selenium.chrome.ChromeDriver.&lt;init&gt;(ChromeDriver.java:167)
	at org.openqa.selenium.chrome.ChromeDriver.&lt;init&gt;(ChromeDriver.java:124)
	at pkjConfigClasses.Config.mthdInitWebDriver(Config.java:145)
	at pkjConfigClasses.Config.mthdBeforeTest(Config.java:119)
	at pkjTestCasesClasses.Test_Login_To_Flipkart.beforeTest(Test_Login_To_Flipkart.java:46)
	at java.base/jdk.internal.reflect.NativeMethodAccessorImpl.invoke0(Native Method)
	at java.base/jdk.internal.reflect.NativeMethodAccessorImpl.invoke(NativeMethodAccessorImpl.java:62)
	at java.base/jdk.internal.reflect.DelegatingMethodAccessorImpl.invoke(DelegatingMethodAccessorImpl.java:43)
	at java.base/java.lang.reflect.Method.invoke(Method.java:566)
	at org.testng.internal.MethodInvocationHelper.invokeMethod(MethodInvocationHelper.java:124)
	at org.testng.internal.MethodInvocationHelper.invokeMethodConsideringTimeout(MethodInvocationHelper.java:59)
	at org.testng.internal.Invoker.invokeConfigurationMethod(Invoker.java:455)
	at org.testng.internal.Invoker.invokeConfigurations(Invoker.java:222)
	at org.testng.internal.Invoker.invokeConfigurations(Invoker.java:142)
	at org.testng.TestRunner.beforeRun(TestRunner.java:529)
	at org.testng.TestRunner.run(TestRunner.java:497)
	at org.testng.SuiteRunner.runTest(SuiteRunner.java:455)
	at org.testng.SuiteRunner.runSequentially(SuiteRunner.java:450)
	at org.testng.SuiteRunner.privateRun(SuiteRunner.java:415)
	at org.testng.SuiteRunner.run(SuiteRunner.java:364)
	at org.testng.SuiteRunnerWorker.runSuite(SuiteRunnerWorker.java:52)
	at org.testng.SuiteRunnerWorker.run(SuiteRunnerWorker.java:84)
	at org.testng.TestNG.runSuitesSequentially(TestNG.java:1208)
	at org.testng.TestNG.runSuitesLocally(TestNG.java:1137)
	at org.testng.TestNG.runSuites(TestNG.java:1049)
	at org.testng.TestNG.run(TestNG.java:1017)
	at org.apache.maven.surefire.testng.TestNGExecutor.run(TestNGExecutor.java:283)
	at org.apache.maven.surefire.testng.TestNGXmlTestSuite.execute(TestNGXmlTestSuite.java:75)
	at org.apache.maven.surefire.testng.TestNGProvider.invoke(TestNGProvider.java:120)
	at org.apache.maven.surefire.booter.ForkedBooter.runSuitesInProcess(ForkedBooter.java:377)
	at org.apache.maven.surefire.booter.ForkedBooter.execute(ForkedBooter.java:138)
	at org.apache.maven.surefire.booter.ForkedBooter.run(ForkedBooter.java:465)
	at org.apache.maven.surefire.booter.ForkedBooter.main(ForkedBooter.java:451)
</pre></div></td>
<td>604</td>
<td>pkjTestCasesClasses.Test_Login_To_Flipkart@47faa49c</td></tr>
</table><p>
<table width='100%' border='1' class='invocation-skipped'>
<tr><td colspan='4' align='center'><b>SKIPPED CONFIGURATIONS</b></td></tr>
<tr><td><b>Test method</b></td>
<td width="30%"><b>Exception</b></td>
<td width="10%"><b>Time (seconds)</b></td>
<td><b>Instance</b></td>
</tr>
<tr>
<td title='pkjTestCasesClasses.Test_Login_To_Flipkart.afterTest()'><b>afterTest</b><br>Test class: pkjTestCasesClasses.Test_Login_To_Flipkart</td>
<td></td>
<td>0</td>
<td>pkjTestCasesClasses.Test_Login_To_Flipkart@47faa49c</td></tr>
</table><p>
<table width='100%' border='1' class='invocation-skipped'>
<tr><td colspan='4' align='center'><b>SKIPPED TESTS</b></td></tr>
<tr><td><b>Test method</b></td>
<td width="30%"><b>Exception</b></td>
<td width="10%"><b>Time (seconds)</b></td>
<td><b>Instance</b></td>
</tr>
<tr>
<td title='pkjTestCasesClasses.Test_Login_To_Flipkart.login()'><b>login</b><br>Test class: pkjTestCasesClasses.Test_Login_To_Flipkart</td>
<td><div><pre>org.openqa.selenium.SessionNotCreatedException: session not created
from timeout: Timed out receiving message from renderer: 600.000
  (Session info: chrome=88.0.4324.146)
Build info: version: &apos;3.5.3&apos;, revision: &apos;a88d25fe6b&apos;, time: &apos;2017-08-29T12:42:44.417Z&apos;
System info: host: &apos;LAPTOP-D2ATB4FR&apos;, ip: &apos;192.168.0.102&apos;, os.name: &apos;Windows 10&apos;, os.arch: &apos;amd64&apos;, os.version: &apos;10.0&apos;, java.version: &apos;11.0.2&apos;
Driver info: driver.version: ChromeDriver
remote stacktrace: Backtrace:
	Ordinal0 [0x00DEC0C3+3326147]
	Ordinal0 [0x00CD0851+2164817]
	Ordinal0 [0x00B57298+619160]
	Ordinal0 [0x00B4B17F+569727]
	Ordinal0 [0x00B4A421+566305]
	Ordinal0 [0x00B4A815+567317]
	Ordinal0 [0x00B4A135+565557]
	Ordinal0 [0x00B538B1+604337]
	Ordinal0 [0x00B4A0F1+565489]
	Ordinal0 [0x00B4AEA2+568994]
	Ordinal0 [0x00B4A421+566305]
	Ordinal0 [0x00B4A815+567317]
	Ordinal0 [0x00B4A135+565557]
	Ordinal0 [0x00B51D2C+597292]
	Ordinal0 [0x00B4A0F1+565489]
	Ordinal0 [0x00B4AEA2+568994]
	Ordinal0 [0x00B4A421+566305]
	Ordinal0 [0x00B4A815+567317]
	Ordinal0 [0x00B4A135+565557]
	Ordinal0 [0x00B4FE62+589410]
	Ordinal0 [0x00B4A0F1+565489]
	Ordinal0 [0x00B4AEA2+568994]
	Ordinal0 [0x00B4A421+566305]
	Ordinal0 [0x00B4A815+567317]
	Ordinal0 [0x00B4A135+565557]
	Ordinal0 [0x00B4F075+585845]
	Ordinal0 [0x00B4A0F1+565489]
	Ordinal0 [0x00B4AEA2+568994]
	Ordinal0 [0x00B4A421+566305]
	Ordinal0 [0x00B4A815+567317]
	Ordinal0 [0x00B4A135+565557]
	Ordinal0 [0x00B46776+550774]
	Ordinal0 [0x00B4A0F1+565489]
	Ordinal0 [0x00B49F13+565011]
	Ordinal0 [0x00B49D07+564487]
	Ordinal0 [0x00B582C0+623296]
	Ordinal0 [0x00AF6BDD+224221]
	Ordinal0 [0x00AF5CAC+220332]
	Ordinal0 [0x00AF189B+202907]
	Ordinal0 [0x00AD3DF4+81396]
	Ordinal0 [0x00AD4DEE+85486]
	Ordinal0 [0x00AD4D79+85369]
	Ordinal0 [0x00CE85DC+2262492]
	GetHandleVerifier [0x00F72874+1487204]
	GetHandleVerifier [0x00F723CD+1486013]
	GetHandleVerifier [0x00F7A368+1518680]
	GetHandleVerifier [0x00F72F4E+1488958]
	Ordinal0 [0x00CDED0D+2223373]
	Ordinal0 [0x00CEA12B+2269483]
	Ordinal0 [0x00CEA26F+2269807]
	Ordinal0 [0x00CFECB8+2354360]
	BaseThreadInitThunk [0x776AFA29+25]
	RtlGetAppContainerNamedObjectPath [0x778F75F4+228]
	RtlGetAppContainerNamedObjectPath [0x778F75C4+180]

	at org.openqa.selenium.remote.W3CHandshakeResponse.lambda$new$0(W3CHandshakeResponse.java:57)
	at org.openqa.selenium.remote.W3CHandshakeResponse.lambda$getResponseFunction$2(W3CHandshakeResponse.java:104)
	at org.openqa.selenium.remote.ProtocolHandshake.lambda$createSession$24(ProtocolHandshake.java:359)
	at java.base/java.util.stream.ReferencePipeline$3$1.accept(ReferencePipeline.java:195)
	at java.base/java.util.Spliterators$ArraySpliterator.tryAdvance(Spliterators.java:958)
	at java.base/java.util.stream.ReferencePipeline.forEachWithCancel(ReferencePipeline.java:127)
	at java.base/java.util.stream.AbstractPipeline.copyIntoWithCancel(AbstractPipeline.java:502)
	at java.base/java.util.stream.AbstractPipeline.copyInto(AbstractPipeline.java:488)
	at java.base/java.util.stream.AbstractPipeline.wrapAndCopyInto(AbstractPipeline.java:474)
	at java.base/java.util.stream.FindOps$FindOp.evaluateSequential(FindOps.java:150)
	at java.base/java.util.stream.AbstractPipeline.evaluate(AbstractPipeline.java:234)
	at java.base/java.util.stream.ReferencePipeline.findFirst(ReferencePipeline.java:543)
	at org.openqa.selenium.remote.ProtocolHandshake.createSession(ProtocolHandshake.java:362)
	at org.openqa.selenium.remote.ProtocolHandshake.createSession(ProtocolHandshake.java:136)
	at org.openqa.selenium.remote.HttpCommandExecutor.execute(HttpCommandExecutor.java:142)
	at org.openqa.selenium.remote.service.DriverCommandExecutor.execute(DriverCommandExecutor.java:82)
	at org.openqa.selenium.remote.RemoteWebDriver.execute(RemoteWebDriver.java:646)
	at org.openqa.selenium.remote.RemoteWebDriver.startSession(RemoteWebDriver.java:255)
	at org.openqa.selenium.remote.RemoteWebDriver.startSession(RemoteWebDriver.java:237)
	at org.openqa.selenium.remote.RemoteWebDriver.&lt;init&gt;(RemoteWebDriver.java:138)
	at org.openqa.selenium.chrome.ChromeDriver.&lt;init&gt;(ChromeDriver.java:178)
	at org.openqa.selenium.chrome.ChromeDriver.&lt;init&gt;(ChromeDriver.java:167)
	at org.openqa.selenium.chrome.ChromeDriver.&lt;init&gt;(ChromeDriver.java:124)
	at pkjConfigClasses.Config.mthdInitWebDriver(Config.java:145)
	at pkjConfigClasses.Config.mthdBeforeTest(Config.java:119)
	at pkjTestCasesClasses.Test_Login_To_Flipkart.beforeTest(Test_Login_To_Flipkart.java:46)
... Removed 32 stack frames</pre></div><a href='#' onClick='toggleBox("stack-trace911561694", this, "Click to show all stack frames", "Click to hide stack frames")'>Click to show all stack frames</a>
<div class='stack-trace' id='stack-trace911561694'><pre>org.openqa.selenium.SessionNotCreatedException: session not created
from timeout: Timed out receiving message from renderer: 600.000
  (Session info: chrome=88.0.4324.146)
Build info: version: &apos;3.5.3&apos;, revision: &apos;a88d25fe6b&apos;, time: &apos;2017-08-29T12:42:44.417Z&apos;
System info: host: &apos;LAPTOP-D2ATB4FR&apos;, ip: &apos;192.168.0.102&apos;, os.name: &apos;Windows 10&apos;, os.arch: &apos;amd64&apos;, os.version: &apos;10.0&apos;, java.version: &apos;11.0.2&apos;
Driver info: driver.version: ChromeDriver
remote stacktrace: Backtrace:
	Ordinal0 [0x00DEC0C3+3326147]
	Ordinal0 [0x00CD0851+2164817]
	Ordinal0 [0x00B57298+619160]
	Ordinal0 [0x00B4B17F+569727]
	Ordinal0 [0x00B4A421+566305]
	Ordinal0 [0x00B4A815+567317]
	Ordinal0 [0x00B4A135+565557]
	Ordinal0 [0x00B538B1+604337]
	Ordinal0 [0x00B4A0F1+565489]
	Ordinal0 [0x00B4AEA2+568994]
	Ordinal0 [0x00B4A421+566305]
	Ordinal0 [0x00B4A815+567317]
	Ordinal0 [0x00B4A135+565557]
	Ordinal0 [0x00B51D2C+597292]
	Ordinal0 [0x00B4A0F1+565489]
	Ordinal0 [0x00B4AEA2+568994]
	Ordinal0 [0x00B4A421+566305]
	Ordinal0 [0x00B4A815+567317]
	Ordinal0 [0x00B4A135+565557]
	Ordinal0 [0x00B4FE62+589410]
	Ordinal0 [0x00B4A0F1+565489]
	Ordinal0 [0x00B4AEA2+568994]
	Ordinal0 [0x00B4A421+566305]
	Ordinal0 [0x00B4A815+567317]
	Ordinal0 [0x00B4A135+565557]
	Ordinal0 [0x00B4F075+585845]
	Ordinal0 [0x00B4A0F1+565489]
	Ordinal0 [0x00B4AEA2+568994]
	Ordinal0 [0x00B4A421+566305]
	Ordinal0 [0x00B4A815+567317]
	Ordinal0 [0x00B4A135+565557]
	Ordinal0 [0x00B46776+550774]
	Ordinal0 [0x00B4A0F1+565489]
	Ordinal0 [0x00B49F13+565011]
	Ordinal0 [0x00B49D07+564487]
	Ordinal0 [0x00B582C0+623296]
	Ordinal0 [0x00AF6BDD+224221]
	Ordinal0 [0x00AF5CAC+220332]
	Ordinal0 [0x00AF189B+202907]
	Ordinal0 [0x00AD3DF4+81396]
	Ordinal0 [0x00AD4DEE+85486]
	Ordinal0 [0x00AD4D79+85369]
	Ordinal0 [0x00CE85DC+2262492]
	GetHandleVerifier [0x00F72874+1487204]
	GetHandleVerifier [0x00F723CD+1486013]
	GetHandleVerifier [0x00F7A368+1518680]
	GetHandleVerifier [0x00F72F4E+1488958]
	Ordinal0 [0x00CDED0D+2223373]
	Ordinal0 [0x00CEA12B+2269483]
	Ordinal0 [0x00CEA26F+2269807]
	Ordinal0 [0x00CFECB8+2354360]
	BaseThreadInitThunk [0x776AFA29+25]
	RtlGetAppContainerNamedObjectPath [0x778F75F4+228]
	RtlGetAppContainerNamedObjectPath [0x778F75C4+180]

	at java.base/jdk.internal.reflect.NativeConstructorAccessorImpl.newInstance0(Native Method)
	at java.base/jdk.internal.reflect.NativeConstructorAccessorImpl.newInstance(NativeConstructorAccessorImpl.java:62)
	at java.base/jdk.internal.reflect.DelegatingConstructorAccessorImpl.newInstance(DelegatingConstructorAccessorImpl.java:45)
	at java.base/java.lang.reflect.Constructor.newInstance(Constructor.java:490)
	at org.openqa.selenium.remote.W3CHandshakeResponse.lambda$new$0(W3CHandshakeResponse.java:57)
	at org.openqa.selenium.remote.W3CHandshakeResponse.lambda$getResponseFunction$2(W3CHandshakeResponse.java:104)
	at org.openqa.selenium.remote.ProtocolHandshake.lambda$createSession$24(ProtocolHandshake.java:359)
	at java.base/java.util.stream.ReferencePipeline$3$1.accept(ReferencePipeline.java:195)
	at java.base/java.util.Spliterators$ArraySpliterator.tryAdvance(Spliterators.java:958)
	at java.base/java.util.stream.ReferencePipeline.forEachWithCancel(ReferencePipeline.java:127)
	at java.base/java.util.stream.AbstractPipeline.copyIntoWithCancel(AbstractPipeline.java:502)
	at java.base/java.util.stream.AbstractPipeline.copyInto(AbstractPipeline.java:488)
	at java.base/java.util.stream.AbstractPipeline.wrapAndCopyInto(AbstractPipeline.java:474)
	at java.base/java.util.stream.FindOps$FindOp.evaluateSequential(FindOps.java:150)
	at java.base/java.util.stream.AbstractPipeline.evaluate(AbstractPipeline.java:234)
	at java.base/java.util.stream.ReferencePipeline.findFirst(ReferencePipeline.java:543)
	at org.openqa.selenium.remote.ProtocolHandshake.createSession(ProtocolHandshake.java:362)
	at org.openqa.selenium.remote.ProtocolHandshake.createSession(ProtocolHandshake.java:136)
	at org.openqa.selenium.remote.HttpCommandExecutor.execute(HttpCommandExecutor.java:142)
	at org.openqa.selenium.remote.service.DriverCommandExecutor.execute(DriverCommandExecutor.java:82)
	at org.openqa.selenium.remote.RemoteWebDriver.execute(RemoteWebDriver.java:646)
	at org.openqa.selenium.remote.RemoteWebDriver.startSession(RemoteWebDriver.java:255)
	at org.openqa.selenium.remote.RemoteWebDriver.startSession(RemoteWebDriver.java:237)
	at org.openqa.selenium.remote.RemoteWebDriver.&lt;init&gt;(RemoteWebDriver.java:138)
	at org.openqa.selenium.chrome.ChromeDriver.&lt;init&gt;(ChromeDriver.java:178)
	at org.openqa.selenium.chrome.ChromeDriver.&lt;init&gt;(ChromeDriver.java:167)
	at org.openqa.selenium.chrome.ChromeDriver.&lt;init&gt;(ChromeDriver.java:124)
	at pkjConfigClasses.Config.mthdInitWebDriver(Config.java:145)
	at pkjConfigClasses.Config.mthdBeforeTest(Config.java:119)
	at pkjTestCasesClasses.Test_Login_To_Flipkart.beforeTest(Test_Login_To_Flipkart.java:46)
	at java.base/jdk.internal.reflect.NativeMethodAccessorImpl.invoke0(Native Method)
	at java.base/jdk.internal.reflect.NativeMethodAccessorImpl.invoke(NativeMethodAccessorImpl.java:62)
	at java.base/jdk.internal.reflect.DelegatingMethodAccessorImpl.invoke(DelegatingMethodAccessorImpl.java:43)
	at java.base/java.lang.reflect.Method.invoke(Method.java:566)
	at org.testng.internal.MethodInvocationHelper.invokeMethod(MethodInvocationHelper.java:124)
	at org.testng.internal.MethodInvocationHelper.invokeMethodConsideringTimeout(MethodInvocationHelper.java:59)
	at org.testng.internal.Invoker.invokeConfigurationMethod(Invoker.java:455)
	at org.testng.internal.Invoker.invokeConfigurations(Invoker.java:222)
	at org.testng.internal.Invoker.invokeConfigurations(Invoker.java:142)
	at org.testng.TestRunner.beforeRun(TestRunner.java:529)
	at org.testng.TestRunner.run(TestRunner.java:497)
	at org.testng.SuiteRunner.runTest(SuiteRunner.java:455)
	at org.testng.SuiteRunner.runSequentially(SuiteRunner.java:450)
	at org.testng.SuiteRunner.privateRun(SuiteRunner.java:415)
	at org.testng.SuiteRunner.run(SuiteRunner.java:364)
	at org.testng.SuiteRunnerWorker.runSuite(SuiteRunnerWorker.java:52)
	at org.testng.SuiteRunnerWorker.run(SuiteRunnerWorker.java:84)
	at org.testng.TestNG.runSuitesSequentially(TestNG.java:1208)
	at org.testng.TestNG.runSuitesLocally(TestNG.java:1137)
	at org.testng.TestNG.runSuites(TestNG.java:1049)
	at org.testng.TestNG.run(TestNG.java:1017)
	at org.apache.maven.surefire.testng.TestNGExecutor.run(TestNGExecutor.java:283)
	at org.apache.maven.surefire.testng.TestNGXmlTestSuite.execute(TestNGXmlTestSuite.java:75)
	at org.apache.maven.surefire.testng.TestNGProvider.invoke(TestNGProvider.java:120)
	at org.apache.maven.surefire.booter.ForkedBooter.runSuitesInProcess(ForkedBooter.java:377)
	at org.apache.maven.surefire.booter.ForkedBooter.execute(ForkedBooter.java:138)
	at org.apache.maven.surefire.booter.ForkedBooter.run(ForkedBooter.java:465)
	at org.apache.maven.surefire.booter.ForkedBooter.main(ForkedBooter.java:451)
</pre></div></td>
<td>0</td>
<td>pkjTestCasesClasses.Test_Login_To_Flipkart@47faa49c</td></tr>
<tr>
<td title='pkjTestCasesClasses.Test_Login_To_Flipkart.login()'><b>login</b><br>Test class: pkjTestCasesClasses.Test_Login_To_Flipkart</td>
<td><div><pre>org.openqa.selenium.SessionNotCreatedException: session not created
from timeout: Timed out receiving message from renderer: 600.000
  (Session info: chrome=88.0.4324.146)
Build info: version: &apos;3.5.3&apos;, revision: &apos;a88d25fe6b&apos;, time: &apos;2017-08-29T12:42:44.417Z&apos;
System info: host: &apos;LAPTOP-D2ATB4FR&apos;, ip: &apos;192.168.0.102&apos;, os.name: &apos;Windows 10&apos;, os.arch: &apos;amd64&apos;, os.version: &apos;10.0&apos;, java.version: &apos;11.0.2&apos;
Driver info: driver.version: ChromeDriver
remote stacktrace: Backtrace:
	Ordinal0 [0x00DEC0C3+3326147]
	Ordinal0 [0x00CD0851+2164817]
	Ordinal0 [0x00B57298+619160]
	Ordinal0 [0x00B4B17F+569727]
	Ordinal0 [0x00B4A421+566305]
	Ordinal0 [0x00B4A815+567317]
	Ordinal0 [0x00B4A135+565557]
	Ordinal0 [0x00B538B1+604337]
	Ordinal0 [0x00B4A0F1+565489]
	Ordinal0 [0x00B4AEA2+568994]
	Ordinal0 [0x00B4A421+566305]
	Ordinal0 [0x00B4A815+567317]
	Ordinal0 [0x00B4A135+565557]
	Ordinal0 [0x00B51D2C+597292]
	Ordinal0 [0x00B4A0F1+565489]
	Ordinal0 [0x00B4AEA2+568994]
	Ordinal0 [0x00B4A421+566305]
	Ordinal0 [0x00B4A815+567317]
	Ordinal0 [0x00B4A135+565557]
	Ordinal0 [0x00B4FE62+589410]
	Ordinal0 [0x00B4A0F1+565489]
	Ordinal0 [0x00B4AEA2+568994]
	Ordinal0 [0x00B4A421+566305]
	Ordinal0 [0x00B4A815+567317]
	Ordinal0 [0x00B4A135+565557]
	Ordinal0 [0x00B4F075+585845]
	Ordinal0 [0x00B4A0F1+565489]
	Ordinal0 [0x00B4AEA2+568994]
	Ordinal0 [0x00B4A421+566305]
	Ordinal0 [0x00B4A815+567317]
	Ordinal0 [0x00B4A135+565557]
	Ordinal0 [0x00B46776+550774]
	Ordinal0 [0x00B4A0F1+565489]
	Ordinal0 [0x00B49F13+565011]
	Ordinal0 [0x00B49D07+564487]
	Ordinal0 [0x00B582C0+623296]
	Ordinal0 [0x00AF6BDD+224221]
	Ordinal0 [0x00AF5CAC+220332]
	Ordinal0 [0x00AF189B+202907]
	Ordinal0 [0x00AD3DF4+81396]
	Ordinal0 [0x00AD4DEE+85486]
	Ordinal0 [0x00AD4D79+85369]
	Ordinal0 [0x00CE85DC+2262492]
	GetHandleVerifier [0x00F72874+1487204]
	GetHandleVerifier [0x00F723CD+1486013]
	GetHandleVerifier [0x00F7A368+1518680]
	GetHandleVerifier [0x00F72F4E+1488958]
	Ordinal0 [0x00CDED0D+2223373]
	Ordinal0 [0x00CEA12B+2269483]
	Ordinal0 [0x00CEA26F+2269807]
	Ordinal0 [0x00CFECB8+2354360]
	BaseThreadInitThunk [0x776AFA29+25]
	RtlGetAppContainerNamedObjectPath [0x778F75F4+228]
	RtlGetAppContainerNamedObjectPath [0x778F75C4+180]

	at org.openqa.selenium.remote.W3CHandshakeResponse.lambda$new$0(W3CHandshakeResponse.java:57)
	at org.openqa.selenium.remote.W3CHandshakeResponse.lambda$getResponseFunction$2(W3CHandshakeResponse.java:104)
	at org.openqa.selenium.remote.ProtocolHandshake.lambda$createSession$24(ProtocolHandshake.java:359)
	at java.base/java.util.stream.ReferencePipeline$3$1.accept(ReferencePipeline.java:195)
	at java.base/java.util.Spliterators$ArraySpliterator.tryAdvance(Spliterators.java:958)
	at java.base/java.util.stream.ReferencePipeline.forEachWithCancel(ReferencePipeline.java:127)
	at java.base/java.util.stream.AbstractPipeline.copyIntoWithCancel(AbstractPipeline.java:502)
	at java.base/java.util.stream.AbstractPipeline.copyInto(AbstractPipeline.java:488)
	at java.base/java.util.stream.AbstractPipeline.wrapAndCopyInto(AbstractPipeline.java:474)
	at java.base/java.util.stream.FindOps$FindOp.evaluateSequential(FindOps.java:150)
	at java.base/java.util.stream.AbstractPipeline.evaluate(AbstractPipeline.java:234)
	at java.base/java.util.stream.ReferencePipeline.findFirst(ReferencePipeline.java:543)
	at org.openqa.selenium.remote.ProtocolHandshake.createSession(ProtocolHandshake.java:362)
	at org.openqa.selenium.remote.ProtocolHandshake.createSession(ProtocolHandshake.java:136)
	at org.openqa.selenium.remote.HttpCommandExecutor.execute(HttpCommandExecutor.java:142)
	at org.openqa.selenium.remote.service.DriverCommandExecutor.execute(DriverCommandExecutor.java:82)
	at org.openqa.selenium.remote.RemoteWebDriver.execute(RemoteWebDriver.java:646)
	at org.openqa.selenium.remote.RemoteWebDriver.startSession(RemoteWebDriver.java:255)
	at org.openqa.selenium.remote.RemoteWebDriver.startSession(RemoteWebDriver.java:237)
	at org.openqa.selenium.remote.RemoteWebDriver.&lt;init&gt;(RemoteWebDriver.java:138)
	at org.openqa.selenium.chrome.ChromeDriver.&lt;init&gt;(ChromeDriver.java:178)
	at org.openqa.selenium.chrome.ChromeDriver.&lt;init&gt;(ChromeDriver.java:167)
	at org.openqa.selenium.chrome.ChromeDriver.&lt;init&gt;(ChromeDriver.java:124)
	at pkjConfigClasses.Config.mthdInitWebDriver(Config.java:145)
	at pkjConfigClasses.Config.mthdBeforeTest(Config.java:119)
	at pkjTestCasesClasses.Test_Login_To_Flipkart.beforeTest(Test_Login_To_Flipkart.java:46)
... Removed 32 stack frames</pre></div><a href='#' onClick='toggleBox("stack-trace882962176", this, "Click to show all stack frames", "Click to hide stack frames")'>Click to show all stack frames</a>
<div class='stack-trace' id='stack-trace882962176'><pre>org.openqa.selenium.SessionNotCreatedException: session not created
from timeout: Timed out receiving message from renderer: 600.000
  (Session info: chrome=88.0.4324.146)
Build info: version: &apos;3.5.3&apos;, revision: &apos;a88d25fe6b&apos;, time: &apos;2017-08-29T12:42:44.417Z&apos;
System info: host: &apos;LAPTOP-D2ATB4FR&apos;, ip: &apos;192.168.0.102&apos;, os.name: &apos;Windows 10&apos;, os.arch: &apos;amd64&apos;, os.version: &apos;10.0&apos;, java.version: &apos;11.0.2&apos;
Driver info: driver.version: ChromeDriver
remote stacktrace: Backtrace:
	Ordinal0 [0x00DEC0C3+3326147]
	Ordinal0 [0x00CD0851+2164817]
	Ordinal0 [0x00B57298+619160]
	Ordinal0 [0x00B4B17F+569727]
	Ordinal0 [0x00B4A421+566305]
	Ordinal0 [0x00B4A815+567317]
	Ordinal0 [0x00B4A135+565557]
	Ordinal0 [0x00B538B1+604337]
	Ordinal0 [0x00B4A0F1+565489]
	Ordinal0 [0x00B4AEA2+568994]
	Ordinal0 [0x00B4A421+566305]
	Ordinal0 [0x00B4A815+567317]
	Ordinal0 [0x00B4A135+565557]
	Ordinal0 [0x00B51D2C+597292]
	Ordinal0 [0x00B4A0F1+565489]
	Ordinal0 [0x00B4AEA2+568994]
	Ordinal0 [0x00B4A421+566305]
	Ordinal0 [0x00B4A815+567317]
	Ordinal0 [0x00B4A135+565557]
	Ordinal0 [0x00B4FE62+589410]
	Ordinal0 [0x00B4A0F1+565489]
	Ordinal0 [0x00B4AEA2+568994]
	Ordinal0 [0x00B4A421+566305]
	Ordinal0 [0x00B4A815+567317]
	Ordinal0 [0x00B4A135+565557]
	Ordinal0 [0x00B4F075+585845]
	Ordinal0 [0x00B4A0F1+565489]
	Ordinal0 [0x00B4AEA2+568994]
	Ordinal0 [0x00B4A421+566305]
	Ordinal0 [0x00B4A815+567317]
	Ordinal0 [0x00B4A135+565557]
	Ordinal0 [0x00B46776+550774]
	Ordinal0 [0x00B4A0F1+565489]
	Ordinal0 [0x00B49F13+565011]
	Ordinal0 [0x00B49D07+564487]
	Ordinal0 [0x00B582C0+623296]
	Ordinal0 [0x00AF6BDD+224221]
	Ordinal0 [0x00AF5CAC+220332]
	Ordinal0 [0x00AF189B+202907]
	Ordinal0 [0x00AD3DF4+81396]
	Ordinal0 [0x00AD4DEE+85486]
	Ordinal0 [0x00AD4D79+85369]
	Ordinal0 [0x00CE85DC+2262492]
	GetHandleVerifier [0x00F72874+1487204]
	GetHandleVerifier [0x00F723CD+1486013]
	GetHandleVerifier [0x00F7A368+1518680]
	GetHandleVerifier [0x00F72F4E+1488958]
	Ordinal0 [0x00CDED0D+2223373]
	Ordinal0 [0x00CEA12B+2269483]
	Ordinal0 [0x00CEA26F+2269807]
	Ordinal0 [0x00CFECB8+2354360]
	BaseThreadInitThunk [0x776AFA29+25]
	RtlGetAppContainerNamedObjectPath [0x778F75F4+228]
	RtlGetAppContainerNamedObjectPath [0x778F75C4+180]

	at java.base/jdk.internal.reflect.NativeConstructorAccessorImpl.newInstance0(Native Method)
	at java.base/jdk.internal.reflect.NativeConstructorAccessorImpl.newInstance(NativeConstructorAccessorImpl.java:62)
	at java.base/jdk.internal.reflect.DelegatingConstructorAccessorImpl.newInstance(DelegatingConstructorAccessorImpl.java:45)
	at java.base/java.lang.reflect.Constructor.newInstance(Constructor.java:490)
	at org.openqa.selenium.remote.W3CHandshakeResponse.lambda$new$0(W3CHandshakeResponse.java:57)
	at org.openqa.selenium.remote.W3CHandshakeResponse.lambda$getResponseFunction$2(W3CHandshakeResponse.java:104)
	at org.openqa.selenium.remote.ProtocolHandshake.lambda$createSession$24(ProtocolHandshake.java:359)
	at java.base/java.util.stream.ReferencePipeline$3$1.accept(ReferencePipeline.java:195)
	at java.base/java.util.Spliterators$ArraySpliterator.tryAdvance(Spliterators.java:958)
	at java.base/java.util.stream.ReferencePipeline.forEachWithCancel(ReferencePipeline.java:127)
	at java.base/java.util.stream.AbstractPipeline.copyIntoWithCancel(AbstractPipeline.java:502)
	at java.base/java.util.stream.AbstractPipeline.copyInto(AbstractPipeline.java:488)
	at java.base/java.util.stream.AbstractPipeline.wrapAndCopyInto(AbstractPipeline.java:474)
	at java.base/java.util.stream.FindOps$FindOp.evaluateSequential(FindOps.java:150)
	at java.base/java.util.stream.AbstractPipeline.evaluate(AbstractPipeline.java:234)
	at java.base/java.util.stream.ReferencePipeline.findFirst(ReferencePipeline.java:543)
	at org.openqa.selenium.remote.ProtocolHandshake.createSession(ProtocolHandshake.java:362)
	at org.openqa.selenium.remote.ProtocolHandshake.createSession(ProtocolHandshake.java:136)
	at org.openqa.selenium.remote.HttpCommandExecutor.execute(HttpCommandExecutor.java:142)
	at org.openqa.selenium.remote.service.DriverCommandExecutor.execute(DriverCommandExecutor.java:82)
	at org.openqa.selenium.remote.RemoteWebDriver.execute(RemoteWebDriver.java:646)
	at org.openqa.selenium.remote.RemoteWebDriver.startSession(RemoteWebDriver.java:255)
	at org.openqa.selenium.remote.RemoteWebDriver.startSession(RemoteWebDriver.java:237)
	at org.openqa.selenium.remote.RemoteWebDriver.&lt;init&gt;(RemoteWebDriver.java:138)
	at org.openqa.selenium.chrome.ChromeDriver.&lt;init&gt;(ChromeDriver.java:178)
	at org.openqa.selenium.chrome.ChromeDriver.&lt;init&gt;(ChromeDriver.java:167)
	at org.openqa.selenium.chrome.ChromeDriver.&lt;init&gt;(ChromeDriver.java:124)
	at pkjConfigClasses.Config.mthdInitWebDriver(Config.java:145)
	at pkjConfigClasses.Config.mthdBeforeTest(Config.java:119)
	at pkjTestCasesClasses.Test_Login_To_Flipkart.beforeTest(Test_Login_To_Flipkart.java:46)
	at java.base/jdk.internal.reflect.NativeMethodAccessorImpl.invoke0(Native Method)
	at java.base/jdk.internal.reflect.NativeMethodAccessorImpl.invoke(NativeMethodAccessorImpl.java:62)
	at java.base/jdk.internal.reflect.DelegatingMethodAccessorImpl.invoke(DelegatingMethodAccessorImpl.java:43)
	at java.base/java.lang.reflect.Method.invoke(Method.java:566)
	at org.testng.internal.MethodInvocationHelper.invokeMethod(MethodInvocationHelper.java:124)
	at org.testng.internal.MethodInvocationHelper.invokeMethodConsideringTimeout(MethodInvocationHelper.java:59)
	at org.testng.internal.Invoker.invokeConfigurationMethod(Invoker.java:455)
	at org.testng.internal.Invoker.invokeConfigurations(Invoker.java:222)
	at org.testng.internal.Invoker.invokeConfigurations(Invoker.java:142)
	at org.testng.TestRunner.beforeRun(TestRunner.java:529)
	at org.testng.TestRunner.run(TestRunner.java:497)
	at org.testng.SuiteRunner.runTest(SuiteRunner.java:455)
	at org.testng.SuiteRunner.runSequentially(SuiteRunner.java:450)
	at org.testng.SuiteRunner.privateRun(SuiteRunner.java:415)
	at org.testng.SuiteRunner.run(SuiteRunner.java:364)
	at org.testng.SuiteRunnerWorker.runSuite(SuiteRunnerWorker.java:52)
	at org.testng.SuiteRunnerWorker.run(SuiteRunnerWorker.java:84)
	at org.testng.TestNG.runSuitesSequentially(TestNG.java:1208)
	at org.testng.TestNG.runSuitesLocally(TestNG.java:1137)
	at org.testng.TestNG.runSuites(TestNG.java:1049)
	at org.testng.TestNG.run(TestNG.java:1017)
	at org.apache.maven.surefire.testng.TestNGExecutor.run(TestNGExecutor.java:283)
	at org.apache.maven.surefire.testng.TestNGXmlTestSuite.execute(TestNGXmlTestSuite.java:75)
	at org.apache.maven.surefire.testng.TestNGProvider.invoke(TestNGProvider.java:120)
	at org.apache.maven.surefire.booter.ForkedBooter.runSuitesInProcess(ForkedBooter.java:377)
	at org.apache.maven.surefire.booter.ForkedBooter.execute(ForkedBooter.java:138)
	at org.apache.maven.surefire.booter.ForkedBooter.run(ForkedBooter.java:465)
	at org.apache.maven.surefire.booter.ForkedBooter.main(ForkedBooter.java:451)
</pre></div></td>
<td>0</td>
<td>pkjTestCasesClasses.Test_Login_To_Flipkart@47faa49c</td></tr>
</table><p>
</body>
</html>