<?xml version="1.0" encoding="UTF-8"?>
<!-- Generated by org.testng.reporters.JUnitReportReporter -->
<testsuite hostname="LAPTOP-D2ATB4FR" failures="0" tests="3" name="pkjTestCasesClasses.Test_Login_To_Flipkart" time="604.481" errors="1" timestamp="08 Feb 2021 14:26:28 GMT" skipped="2">
  <testcase classname="pkjTestCasesClasses.Test_Login_To_Flipkart" name="login" time="0.000">
    <skipped/>
  </testcase> <!-- login -->
  <testcase classname="pkjTestCasesClasses.Test_Login_To_Flipkart" name="login" time="0.000">
    <skipped/>
  </testcase> <!-- login -->
  <testcase classname="pkjTestCasesClasses.Test_Login_To_Flipkart" name="beforeTest" time="604.481">
    <error message="session not created
from timeout: Timed out receiving message from renderer: 600.000
  (Session info: chrome=88.0.4324.146)
Build info: version: &#039;3.5.3&#039;, revision: &#039;a88d25fe6b&#039;, time: &#039;2017-08-29T12:42:44.417Z&#039;
System info: host: &#039;LAPTOP-D2ATB4FR&#039;, ip: &#039;192.168.0.102&#039;, os.name: &#039;Windows 10&#039;, os.arch: &#039;amd64&#039;, os.version: &#039;10.0&#039;, java.version: &#039;11.0.2&#039;
Driver info: driver.version: ChromeDriver
remote stacktrace: Backtrace:
	Ordinal0 [0x00DEC0C3+3326147]
	Ordinal0 [0x00CD0851+2164817]
	Ordinal0 [0x00B57298+619160]
	Ordinal0 [0x00B4B17F+569727]
	Ordinal0 [0x00B4A421+566305]
	Ordinal0 [0x00B4A815+567317]
	Ordinal0 [0x00B4A135+565557]
	Ordinal0 [0x00B538B1+604337]
	Ordinal0 [0x00B4A0F1+565489]
	Ordinal0 [0x00B4AEA2+568994]
	Ordinal0 [0x00B4A421+566305]
	Ordinal0 [0x00B4A815+567317]
	Ordinal0 [0x00B4A135+565557]
	Ordinal0 [0x00B51D2C+597292]
	Ordinal0 [0x00B4A0F1+565489]
	Ordinal0 [0x00B4AEA2+568994]
	Ordinal0 [0x00B4A421+566305]
	Ordinal0 [0x00B4A815+567317]
	Ordinal0 [0x00B4A135+565557]
	Ordinal0 [0x00B4FE62+589410]
	Ordinal0 [0x00B4A0F1+565489]
	Ordinal0 [0x00B4AEA2+568994]
	Ordinal0 [0x00B4A421+566305]
	Ordinal0 [0x00B4A815+567317]
	Ordinal0 [0x00B4A135+565557]
	Ordinal0 [0x00B4F075+585845]
	Ordinal0 [0x00B4A0F1+565489]
	Ordinal0 [0x00B4AEA2+568994]
	Ordinal0 [0x00B4A421+566305]
	Ordinal0 [0x00B4A815+567317]
	Ordinal0 [0x00B4A135+565557]
	Ordinal0 [0x00B46776+550774]
	Ordinal0 [0x00B4A0F1+565489]
	Ordinal0 [0x00B49F13+565011]
	Ordinal0 [0x00B49D07+564487]
	Ordinal0 [0x00B582C0+623296]
	Ordinal0 [0x00AF6BDD+224221]
	Ordinal0 [0x00AF5CAC+220332]
	Ordinal0 [0x00AF189B+202907]
	Ordinal0 [0x00AD3DF4+81396]
	Ordinal0 [0x00AD4DEE+85486]
	Ordinal0 [0x00AD4D79+85369]
	Ordinal0 [0x00CE85DC+2262492]
	GetHandleVerifier [0x00F72874+1487204]
	GetHandleVerifier [0x00F723CD+1486013]
	GetHandleVerifier [0x00F7A368+1518680]
	GetHandleVerifier [0x00F72F4E+1488958]
	Ordinal0 [0x00CDED0D+2223373]
	Ordinal0 [0x00CEA12B+2269483]
	Ordinal0 [0x00CEA26F+2269807]
	Ordinal0 [0x00CFECB8+2354360]
	BaseThreadInitThunk [0x776AFA29+25]
	RtlGetAppContainerNamedObjectPath [0x778F75F4+228]
	RtlGetAppContainerNamedObjectPath [0x778F75C4+180]
" type="org.openqa.selenium.SessionNotCreatedException">
      <![CDATA[org.openqa.selenium.SessionNotCreatedException: session not created
from timeout: Timed out receiving message from renderer: 600.000
  (Session info: chrome=88.0.4324.146)
Build info: version: '3.5.3', revision: 'a88d25fe6b', time: '2017-08-29T12:42:44.417Z'
System info: host: 'LAPTOP-D2ATB4FR', ip: '192.168.0.102', os.name: 'Windows 10', os.arch: 'amd64', os.version: '10.0', java.version: '11.0.2'
Driver info: driver.version: ChromeDriver
remote stacktrace: Backtrace:
Ordinal0 [0x00DEC0C3+3326147]
Ordinal0 [0x00CD0851+2164817]
Ordinal0 [0x00B57298+619160]
Ordinal0 [0x00B4B17F+569727]
Ordinal0 [0x00B4A421+566305]
Ordinal0 [0x00B4A815+567317]
Ordinal0 [0x00B4A135+565557]
Ordinal0 [0x00B538B1+604337]
Ordinal0 [0x00B4A0F1+565489]
Ordinal0 [0x00B4AEA2+568994]
Ordinal0 [0x00B4A421+566305]
Ordinal0 [0x00B4A815+567317]
Ordinal0 [0x00B4A135+565557]
Ordinal0 [0x00B51D2C+597292]
Ordinal0 [0x00B4A0F1+565489]
Ordinal0 [0x00B4AEA2+568994]
Ordinal0 [0x00B4A421+566305]
Ordinal0 [0x00B4A815+567317]
Ordinal0 [0x00B4A135+565557]
Ordinal0 [0x00B4FE62+589410]
Ordinal0 [0x00B4A0F1+565489]
Ordinal0 [0x00B4AEA2+568994]
Ordinal0 [0x00B4A421+566305]
Ordinal0 [0x00B4A815+567317]
Ordinal0 [0x00B4A135+565557]
Ordinal0 [0x00B4F075+585845]
Ordinal0 [0x00B4A0F1+565489]
Ordinal0 [0x00B4AEA2+568994]
Ordinal0 [0x00B4A421+566305]
Ordinal0 [0x00B4A815+567317]
Ordinal0 [0x00B4A135+565557]
Ordinal0 [0x00B46776+550774]
Ordinal0 [0x00B4A0F1+565489]
Ordinal0 [0x00B49F13+565011]
Ordinal0 [0x00B49D07+564487]
Ordinal0 [0x00B582C0+623296]
Ordinal0 [0x00AF6BDD+224221]
Ordinal0 [0x00AF5CAC+220332]
Ordinal0 [0x00AF189B+202907]
Ordinal0 [0x00AD3DF4+81396]
Ordinal0 [0x00AD4DEE+85486]
Ordinal0 [0x00AD4D79+85369]
Ordinal0 [0x00CE85DC+2262492]
GetHandleVerifier [0x00F72874+1487204]
GetHandleVerifier [0x00F723CD+1486013]
GetHandleVerifier [0x00F7A368+1518680]
GetHandleVerifier [0x00F72F4E+1488958]
Ordinal0 [0x00CDED0D+2223373]
Ordinal0 [0x00CEA12B+2269483]
Ordinal0 [0x00CEA26F+2269807]
Ordinal0 [0x00CFECB8+2354360]
BaseThreadInitThunk [0x776AFA29+25]
RtlGetAppContainerNamedObjectPath [0x778F75F4+228]
RtlGetAppContainerNamedObjectPath [0x778F75C4+180]

at java.base/jdk.internal.reflect.NativeConstructorAccessorImpl.newInstance0(Native Method)
at java.base/jdk.internal.reflect.NativeConstructorAccessorImpl.newInstance(NativeConstructorAccessorImpl.java:62)
at java.base/jdk.internal.reflect.DelegatingConstructorAccessorImpl.newInstance(DelegatingConstructorAccessorImpl.java:45)
at java.base/java.lang.reflect.Constructor.newInstance(Constructor.java:490)
at org.openqa.selenium.remote.W3CHandshakeResponse.lambda$new$0(W3CHandshakeResponse.java:57)
at org.openqa.selenium.remote.W3CHandshakeResponse.lambda$getResponseFunction$2(W3CHandshakeResponse.java:104)
at org.openqa.selenium.remote.ProtocolHandshake.lambda$createSession$24(ProtocolHandshake.java:359)
at java.base/java.util.stream.ReferencePipeline$3$1.accept(ReferencePipeline.java:195)
at java.base/java.util.Spliterators$ArraySpliterator.tryAdvance(Spliterators.java:958)
at java.base/java.util.stream.ReferencePipeline.forEachWithCancel(ReferencePipeline.java:127)
at java.base/java.util.stream.AbstractPipeline.copyIntoWithCancel(AbstractPipeline.java:502)
at java.base/java.util.stream.AbstractPipeline.copyInto(AbstractPipeline.java:488)
at java.base/java.util.stream.AbstractPipeline.wrapAndCopyInto(AbstractPipeline.java:474)
at java.base/java.util.stream.FindOps$FindOp.evaluateSequential(FindOps.java:150)
at java.base/java.util.stream.AbstractPipeline.evaluate(AbstractPipeline.java:234)
at java.base/java.util.stream.ReferencePipeline.findFirst(ReferencePipeline.java:543)
at org.openqa.selenium.remote.ProtocolHandshake.createSession(ProtocolHandshake.java:362)
at org.openqa.selenium.remote.ProtocolHandshake.createSession(ProtocolHandshake.java:136)
at org.openqa.selenium.remote.HttpCommandExecutor.execute(HttpCommandExecutor.java:142)
at org.openqa.selenium.remote.service.DriverCommandExecutor.execute(DriverCommandExecutor.java:82)
at org.openqa.selenium.remote.RemoteWebDriver.execute(RemoteWebDriver.java:646)
at org.openqa.selenium.remote.RemoteWebDriver.startSession(RemoteWebDriver.java:255)
at org.openqa.selenium.remote.RemoteWebDriver.startSession(RemoteWebDriver.java:237)
at org.openqa.selenium.remote.RemoteWebDriver.<init>(RemoteWebDriver.java:138)
at org.openqa.selenium.chrome.ChromeDriver.<init>(ChromeDriver.java:178)
at org.openqa.selenium.chrome.ChromeDriver.<init>(ChromeDriver.java:167)
at org.openqa.selenium.chrome.ChromeDriver.<init>(ChromeDriver.java:124)
at pkjConfigClasses.Config.mthdInitWebDriver(Config.java:145)
at pkjConfigClasses.Config.mthdBeforeTest(Config.java:119)
at pkjTestCasesClasses.Test_Login_To_Flipkart.beforeTest(Test_Login_To_Flipkart.java:46)
at java.base/jdk.internal.reflect.NativeMethodAccessorImpl.invoke0(Native Method)
at java.base/jdk.internal.reflect.NativeMethodAccessorImpl.invoke(NativeMethodAccessorImpl.java:62)
at java.base/jdk.internal.reflect.DelegatingMethodAccessorImpl.invoke(DelegatingMethodAccessorImpl.java:43)
at java.base/java.lang.reflect.Method.invoke(Method.java:566)
at org.testng.internal.MethodInvocationHelper.invokeMethod(MethodInvocationHelper.java:124)
at org.testng.internal.MethodInvocationHelper.invokeMethodConsideringTimeout(MethodInvocationHelper.java:59)
at org.testng.internal.Invoker.invokeConfigurationMethod(Invoker.java:455)
at org.testng.internal.Invoker.invokeConfigurations(Invoker.java:222)
at org.testng.internal.Invoker.invokeConfigurations(Invoker.java:142)
at org.testng.TestRunner.beforeRun(TestRunner.java:529)
at org.testng.TestRunner.run(TestRunner.java:497)
at org.testng.SuiteRunner.runTest(SuiteRunner.java:455)
at org.testng.SuiteRunner.runSequentially(SuiteRunner.java:450)
at org.testng.SuiteRunner.privateRun(SuiteRunner.java:415)
at org.testng.SuiteRunner.run(SuiteRunner.java:364)
at org.testng.SuiteRunnerWorker.runSuite(SuiteRunnerWorker.java:52)
at org.testng.SuiteRunnerWorker.run(SuiteRunnerWorker.java:84)
at org.testng.TestNG.runSuitesSequentially(TestNG.java:1208)
at org.testng.TestNG.runSuitesLocally(TestNG.java:1137)
at org.testng.TestNG.runSuites(TestNG.java:1049)
at org.testng.TestNG.run(TestNG.java:1017)
at org.apache.maven.surefire.testng.TestNGExecutor.run(TestNGExecutor.java:283)
at org.apache.maven.surefire.testng.TestNGXmlTestSuite.execute(TestNGXmlTestSuite.java:75)
at org.apache.maven.surefire.testng.TestNGProvider.invoke(TestNGProvider.java:120)
at org.apache.maven.surefire.booter.ForkedBooter.runSuitesInProcess(ForkedBooter.java:377)
at org.apache.maven.surefire.booter.ForkedBooter.execute(ForkedBooter.java:138)
at org.apache.maven.surefire.booter.ForkedBooter.run(ForkedBooter.java:465)
at org.apache.maven.surefire.booter.ForkedBooter.main(ForkedBooter.java:451)
]]>
    </error>
  </testcase> <!-- beforeTest -->
</testsuite> <!-- pkjTestCasesClasses.Test_Login_To_Flipkart -->
