<!DOCTYPE html PUBLIC "-//W3C//DTD XHTML 1.1//EN" "http://www.w3.org/TR/xhtml11/DTD/xhtml11.dtd">
<html xmlns="http://www.w3.org/1999/xhtml">
<head>
<meta http-equiv="content-type" content="text/html; charset=UTF-8"/>
<title>TestNG Report</title>
<style type="text/css">table {margin-bottom:10px;border-collapse:collapse;empty-cells:show}th,td {border:1px solid #009;padding:.25em .5em}th {vertical-align:bottom}td {vertical-align:top}table a {font-weight:bold}.stripe td {background-color: #E6EBF9}.num {text-align:right}.passedodd td {background-color: #3F3}.passedeven td {background-color: #0A0}.skippedodd td {background-color: #DDD}.skippedeven td {background-color: #CCC}.failedodd td,.attn {background-color: #F33}.failedeven td,.stripe .attn {background-color: #D00}.stacktrace {white-space:pre;font-family:monospace}.totop {font-size:85%;text-align:center;border-bottom:2px solid #000}.invisible {display:none}</style>
</head>
<body>
<table>
<tr><th>Test</th><th># Passed</th><th># Skipped</th><th># Failed</th><th>Time (ms)</th><th>Included Groups</th><th>Excluded Groups</th></tr>
<tr><th colspan="7">Flipkart</th></tr>
<tr><td><a href="#t0">Flipkart Test</a></td><td class="num">0</td><td class="num attn">2</td><td class="num">0</td><td class="num">605,262</td><td></td><td></td></tr>
</table>
<table id='summary'><thead><tr><th>Class</th><th>Method</th><th>Start</th><th>Time (ms)</th></tr></thead><tbody><tr><th colspan="4">Flipkart</th></tr></tbody><tbody id="t0"><tr><th colspan="4">Flipkart Test &#8212; failed (configuration methods)</th></tr><tr class="failedeven"><td rowspan="1">pkjTestCasesClasses.Test_Login_To_Flipkart</td><td><a href="#m0">beforeTest</a></td><td rowspan="1">1612793783034</td><td rowspan="1">604481</td></tr><tr><th colspan="4">Flipkart Test &#8212; skipped (configuration methods)</th></tr><tr class="skippedeven"><td rowspan="2">pkjTestCasesClasses.Test_Login_To_Flipkart</td><td><a href="#m1">afterSuite</a></td><td rowspan="1">1612794388342</td><td rowspan="1">0</td></tr><tr class="skippedeven"><td><a href="#m2">afterTest</a></td><td rowspan="1">1612794388295</td><td rowspan="1">0</td></tr><tr><th colspan="4">Flipkart Test &#8212; skipped</th></tr><tr class="skippedeven"><td rowspan="2">pkjTestCasesClasses.Test_Login_To_Flipkart</td><td><a href="#m3">login</a></td><td rowspan="2">1612794388290</td><td rowspan="2">0</td></tr><tr class="skippedeven"><td><a href="#m4">login</a></td></tr></tbody>
</table>
<h2>Flipkart Test</h2><h3 id="m0">pkjTestCasesClasses.Test_Login_To_Flipkart#beforeTest</h3><table class="result"><tr class="param"><th>Parameter #1</th></tr><tr class="param stripe"><td>Chrome</td></tr><tr><th>Exception</th></tr><tr><td><div class="stacktrace">org.openqa.selenium.SessionNotCreatedException: session not created
from timeout: Timed out receiving message from renderer: 600.000
  (Session info: chrome=88.0.4324.146)
Build info: version: &apos;3.5.3&apos;, revision: &apos;a88d25fe6b&apos;, time: &apos;2017-08-29T12:42:44.417Z&apos;
System info: host: &apos;LAPTOP-D2ATB4FR&apos;, ip: &apos;192.168.0.102&apos;, os.name: &apos;Windows 10&apos;, os.arch: &apos;amd64&apos;, os.version: &apos;10.0&apos;, java.version: &apos;11.0.2&apos;
Driver info: driver.version: ChromeDriver
remote stacktrace: Backtrace:
	Ordinal0 [0x00DEC0C3+3326147]
	Ordinal0 [0x00CD0851+2164817]
	Ordinal0 [0x00B57298+619160]
	Ordinal0 [0x00B4B17F+569727]
	Ordinal0 [0x00B4A421+566305]
	Ordinal0 [0x00B4A815+567317]
	Ordinal0 [0x00B4A135+565557]
	Ordinal0 [0x00B538B1+604337]
	Ordinal0 [0x00B4A0F1+565489]
	Ordinal0 [0x00B4AEA2+568994]
	Ordinal0 [0x00B4A421+566305]
	Ordinal0 [0x00B4A815+567317]
	Ordinal0 [0x00B4A135+565557]
	Ordinal0 [0x00B51D2C+597292]
	Ordinal0 [0x00B4A0F1+565489]
	Ordinal0 [0x00B4AEA2+568994]
	Ordinal0 [0x00B4A421+566305]
	Ordinal0 [0x00B4A815+567317]
	Ordinal0 [0x00B4A135+565557]
	Ordinal0 [0x00B4FE62+589410]
	Ordinal0 [0x00B4A0F1+565489]
	Ordinal0 [0x00B4AEA2+568994]
	Ordinal0 [0x00B4A421+566305]
	Ordinal0 [0x00B4A815+567317]
	Ordinal0 [0x00B4A135+565557]
	Ordinal0 [0x00B4F075+585845]
	Ordinal0 [0x00B4A0F1+565489]
	Ordinal0 [0x00B4AEA2+568994]
	Ordinal0 [0x00B4A421+566305]
	Ordinal0 [0x00B4A815+567317]
	Ordinal0 [0x00B4A135+565557]
	Ordinal0 [0x00B46776+550774]
	Ordinal0 [0x00B4A0F1+565489]
	Ordinal0 [0x00B49F13+565011]
	Ordinal0 [0x00B49D07+564487]
	Ordinal0 [0x00B582C0+623296]
	Ordinal0 [0x00AF6BDD+224221]
	Ordinal0 [0x00AF5CAC+220332]
	Ordinal0 [0x00AF189B+202907]
	Ordinal0 [0x00AD3DF4+81396]
	Ordinal0 [0x00AD4DEE+85486]
	Ordinal0 [0x00AD4D79+85369]
	Ordinal0 [0x00CE85DC+2262492]
	GetHandleVerifier [0x00F72874+1487204]
	GetHandleVerifier [0x00F723CD+1486013]
	GetHandleVerifier [0x00F7A368+1518680]
	GetHandleVerifier [0x00F72F4E+1488958]
	Ordinal0 [0x00CDED0D+2223373]
	Ordinal0 [0x00CEA12B+2269483]
	Ordinal0 [0x00CEA26F+2269807]
	Ordinal0 [0x00CFECB8+2354360]
	BaseThreadInitThunk [0x776AFA29+25]
	RtlGetAppContainerNamedObjectPath [0x778F75F4+228]
	RtlGetAppContainerNamedObjectPath [0x778F75C4+180]

	at org.openqa.selenium.remote.W3CHandshakeResponse.lambda$new$0(W3CHandshakeResponse.java:57)
	at org.openqa.selenium.remote.W3CHandshakeResponse.lambda$getResponseFunction$2(W3CHandshakeResponse.java:104)
	at org.openqa.selenium.remote.ProtocolHandshake.lambda$createSession$24(ProtocolHandshake.java:359)
	at java.base/java.util.stream.ReferencePipeline$3$1.accept(ReferencePipeline.java:195)
	at java.base/java.util.Spliterators$ArraySpliterator.tryAdvance(Spliterators.java:958)
	at java.base/java.util.stream.ReferencePipeline.forEachWithCancel(ReferencePipeline.java:127)
	at java.base/java.util.stream.AbstractPipeline.copyIntoWithCancel(AbstractPipeline.java:502)
	at java.base/java.util.stream.AbstractPipeline.copyInto(AbstractPipeline.java:488)
	at java.base/java.util.stream.AbstractPipeline.wrapAndCopyInto(AbstractPipeline.java:474)
	at java.base/java.util.stream.FindOps$FindOp.evaluateSequential(FindOps.java:150)
	at java.base/java.util.stream.AbstractPipeline.evaluate(AbstractPipeline.java:234)
	at java.base/java.util.stream.ReferencePipeline.findFirst(ReferencePipeline.java:543)
	at org.openqa.selenium.remote.ProtocolHandshake.createSession(ProtocolHandshake.java:362)
	at org.openqa.selenium.remote.ProtocolHandshake.createSession(ProtocolHandshake.java:136)
	at org.openqa.selenium.remote.HttpCommandExecutor.execute(HttpCommandExecutor.java:142)
	at org.openqa.selenium.remote.service.DriverCommandExecutor.execute(DriverCommandExecutor.java:82)
	at org.openqa.selenium.remote.RemoteWebDriver.execute(RemoteWebDriver.java:646)
	at org.openqa.selenium.remote.RemoteWebDriver.startSession(RemoteWebDriver.java:255)
	at org.openqa.selenium.remote.RemoteWebDriver.startSession(RemoteWebDriver.java:237)
	at org.openqa.selenium.remote.RemoteWebDriver.&lt;init&gt;(RemoteWebDriver.java:138)
	at org.openqa.selenium.chrome.ChromeDriver.&lt;init&gt;(ChromeDriver.java:178)
	at org.openqa.selenium.chrome.ChromeDriver.&lt;init&gt;(ChromeDriver.java:167)
	at org.openqa.selenium.chrome.ChromeDriver.&lt;init&gt;(ChromeDriver.java:124)
	at pkjConfigClasses.Config.mthdInitWebDriver(Config.java:145)
	at pkjConfigClasses.Config.mthdBeforeTest(Config.java:119)
	at pkjTestCasesClasses.Test_Login_To_Flipkart.beforeTest(Test_Login_To_Flipkart.java:46)
... Removed 32 stack frames</div></td></tr></table><p class="totop"><a href="#summary">back to summary</a></p>
<h3 id="m1">pkjTestCasesClasses.Test_Login_To_Flipkart#afterSuite</h3><table class="result"><tr><th class="invisible"/></tr></table><p class="totop"><a href="#summary">back to summary</a></p>
<h3 id="m2">pkjTestCasesClasses.Test_Login_To_Flipkart#afterTest</h3><table class="result"><tr><th class="invisible"/></tr></table><p class="totop"><a href="#summary">back to summary</a></p>
<h3 id="m3">pkjTestCasesClasses.Test_Login_To_Flipkart#login</h3><table class="result"><tr><th>Exception</th></tr><tr><td><div class="stacktrace">org.openqa.selenium.SessionNotCreatedException: session not created
from timeout: Timed out receiving message from renderer: 600.000
  (Session info: chrome=88.0.4324.146)
Build info: version: &apos;3.5.3&apos;, revision: &apos;a88d25fe6b&apos;, time: &apos;2017-08-29T12:42:44.417Z&apos;
System info: host: &apos;LAPTOP-D2ATB4FR&apos;, ip: &apos;192.168.0.102&apos;, os.name: &apos;Windows 10&apos;, os.arch: &apos;amd64&apos;, os.version: &apos;10.0&apos;, java.version: &apos;11.0.2&apos;
Driver info: driver.version: ChromeDriver
remote stacktrace: Backtrace:
	Ordinal0 [0x00DEC0C3+3326147]
	Ordinal0 [0x00CD0851+2164817]
	Ordinal0 [0x00B57298+619160]
	Ordinal0 [0x00B4B17F+569727]
	Ordinal0 [0x00B4A421+566305]
	Ordinal0 [0x00B4A815+567317]
	Ordinal0 [0x00B4A135+565557]
	Ordinal0 [0x00B538B1+604337]
	Ordinal0 [0x00B4A0F1+565489]
	Ordinal0 [0x00B4AEA2+568994]
	Ordinal0 [0x00B4A421+566305]
	Ordinal0 [0x00B4A815+567317]
	Ordinal0 [0x00B4A135+565557]
	Ordinal0 [0x00B51D2C+597292]
	Ordinal0 [0x00B4A0F1+565489]
	Ordinal0 [0x00B4AEA2+568994]
	Ordinal0 [0x00B4A421+566305]
	Ordinal0 [0x00B4A815+567317]
	Ordinal0 [0x00B4A135+565557]
	Ordinal0 [0x00B4FE62+589410]
	Ordinal0 [0x00B4A0F1+565489]
	Ordinal0 [0x00B4AEA2+568994]
	Ordinal0 [0x00B4A421+566305]
	Ordinal0 [0x00B4A815+567317]
	Ordinal0 [0x00B4A135+565557]
	Ordinal0 [0x00B4F075+585845]
	Ordinal0 [0x00B4A0F1+565489]
	Ordinal0 [0x00B4AEA2+568994]
	Ordinal0 [0x00B4A421+566305]
	Ordinal0 [0x00B4A815+567317]
	Ordinal0 [0x00B4A135+565557]
	Ordinal0 [0x00B46776+550774]
	Ordinal0 [0x00B4A0F1+565489]
	Ordinal0 [0x00B49F13+565011]
	Ordinal0 [0x00B49D07+564487]
	Ordinal0 [0x00B582C0+623296]
	Ordinal0 [0x00AF6BDD+224221]
	Ordinal0 [0x00AF5CAC+220332]
	Ordinal0 [0x00AF189B+202907]
	Ordinal0 [0x00AD3DF4+81396]
	Ordinal0 [0x00AD4DEE+85486]
	Ordinal0 [0x00AD4D79+85369]
	Ordinal0 [0x00CE85DC+2262492]
	GetHandleVerifier [0x00F72874+1487204]
	GetHandleVerifier [0x00F723CD+1486013]
	GetHandleVerifier [0x00F7A368+1518680]
	GetHandleVerifier [0x00F72F4E+1488958]
	Ordinal0 [0x00CDED0D+2223373]
	Ordinal0 [0x00CEA12B+2269483]
	Ordinal0 [0x00CEA26F+2269807]
	Ordinal0 [0x00CFECB8+2354360]
	BaseThreadInitThunk [0x776AFA29+25]
	RtlGetAppContainerNamedObjectPath [0x778F75F4+228]
	RtlGetAppContainerNamedObjectPath [0x778F75C4+180]

	at org.openqa.selenium.remote.W3CHandshakeResponse.lambda$new$0(W3CHandshakeResponse.java:57)
	at org.openqa.selenium.remote.W3CHandshakeResponse.lambda$getResponseFunction$2(W3CHandshakeResponse.java:104)
	at org.openqa.selenium.remote.ProtocolHandshake.lambda$createSession$24(ProtocolHandshake.java:359)
	at java.base/java.util.stream.ReferencePipeline$3$1.accept(ReferencePipeline.java:195)
	at java.base/java.util.Spliterators$ArraySpliterator.tryAdvance(Spliterators.java:958)
	at java.base/java.util.stream.ReferencePipeline.forEachWithCancel(ReferencePipeline.java:127)
	at java.base/java.util.stream.AbstractPipeline.copyIntoWithCancel(AbstractPipeline.java:502)
	at java.base/java.util.stream.AbstractPipeline.copyInto(AbstractPipeline.java:488)
	at java.base/java.util.stream.AbstractPipeline.wrapAndCopyInto(AbstractPipeline.java:474)
	at java.base/java.util.stream.FindOps$FindOp.evaluateSequential(FindOps.java:150)
	at java.base/java.util.stream.AbstractPipeline.evaluate(AbstractPipeline.java:234)
	at java.base/java.util.stream.ReferencePipeline.findFirst(ReferencePipeline.java:543)
	at org.openqa.selenium.remote.ProtocolHandshake.createSession(ProtocolHandshake.java:362)
	at org.openqa.selenium.remote.ProtocolHandshake.createSession(ProtocolHandshake.java:136)
	at org.openqa.selenium.remote.HttpCommandExecutor.execute(HttpCommandExecutor.java:142)
	at org.openqa.selenium.remote.service.DriverCommandExecutor.execute(DriverCommandExecutor.java:82)
	at org.openqa.selenium.remote.RemoteWebDriver.execute(RemoteWebDriver.java:646)
	at org.openqa.selenium.remote.RemoteWebDriver.startSession(RemoteWebDriver.java:255)
	at org.openqa.selenium.remote.RemoteWebDriver.startSession(RemoteWebDriver.java:237)
	at org.openqa.selenium.remote.RemoteWebDriver.&lt;init&gt;(RemoteWebDriver.java:138)
	at org.openqa.selenium.chrome.ChromeDriver.&lt;init&gt;(ChromeDriver.java:178)
	at org.openqa.selenium.chrome.ChromeDriver.&lt;init&gt;(ChromeDriver.java:167)
	at org.openqa.selenium.chrome.ChromeDriver.&lt;init&gt;(ChromeDriver.java:124)
	at pkjConfigClasses.Config.mthdInitWebDriver(Config.java:145)
	at pkjConfigClasses.Config.mthdBeforeTest(Config.java:119)
	at pkjTestCasesClasses.Test_Login_To_Flipkart.beforeTest(Test_Login_To_Flipkart.java:46)
... Removed 32 stack frames</div></td></tr></table><p class="totop"><a href="#summary">back to summary</a></p>
<h3 id="m4">pkjTestCasesClasses.Test_Login_To_Flipkart#login</h3><table class="result"><tr><th>Exception</th></tr><tr><td><div class="stacktrace">org.openqa.selenium.SessionNotCreatedException: session not created
from timeout: Timed out receiving message from renderer: 600.000
  (Session info: chrome=88.0.4324.146)
Build info: version: &apos;3.5.3&apos;, revision: &apos;a88d25fe6b&apos;, time: &apos;2017-08-29T12:42:44.417Z&apos;
System info: host: &apos;LAPTOP-D2ATB4FR&apos;, ip: &apos;192.168.0.102&apos;, os.name: &apos;Windows 10&apos;, os.arch: &apos;amd64&apos;, os.version: &apos;10.0&apos;, java.version: &apos;11.0.2&apos;
Driver info: driver.version: ChromeDriver
remote stacktrace: Backtrace:
	Ordinal0 [0x00DEC0C3+3326147]
	Ordinal0 [0x00CD0851+2164817]
	Ordinal0 [0x00B57298+619160]
	Ordinal0 [0x00B4B17F+569727]
	Ordinal0 [0x00B4A421+566305]
	Ordinal0 [0x00B4A815+567317]
	Ordinal0 [0x00B4A135+565557]
	Ordinal0 [0x00B538B1+604337]
	Ordinal0 [0x00B4A0F1+565489]
	Ordinal0 [0x00B4AEA2+568994]
	Ordinal0 [0x00B4A421+566305]
	Ordinal0 [0x00B4A815+567317]
	Ordinal0 [0x00B4A135+565557]
	Ordinal0 [0x00B51D2C+597292]
	Ordinal0 [0x00B4A0F1+565489]
	Ordinal0 [0x00B4AEA2+568994]
	Ordinal0 [0x00B4A421+566305]
	Ordinal0 [0x00B4A815+567317]
	Ordinal0 [0x00B4A135+565557]
	Ordinal0 [0x00B4FE62+589410]
	Ordinal0 [0x00B4A0F1+565489]
	Ordinal0 [0x00B4AEA2+568994]
	Ordinal0 [0x00B4A421+566305]
	Ordinal0 [0x00B4A815+567317]
	Ordinal0 [0x00B4A135+565557]
	Ordinal0 [0x00B4F075+585845]
	Ordinal0 [0x00B4A0F1+565489]
	Ordinal0 [0x00B4AEA2+568994]
	Ordinal0 [0x00B4A421+566305]
	Ordinal0 [0x00B4A815+567317]
	Ordinal0 [0x00B4A135+565557]
	Ordinal0 [0x00B46776+550774]
	Ordinal0 [0x00B4A0F1+565489]
	Ordinal0 [0x00B49F13+565011]
	Ordinal0 [0x00B49D07+564487]
	Ordinal0 [0x00B582C0+623296]
	Ordinal0 [0x00AF6BDD+224221]
	Ordinal0 [0x00AF5CAC+220332]
	Ordinal0 [0x00AF189B+202907]
	Ordinal0 [0x00AD3DF4+81396]
	Ordinal0 [0x00AD4DEE+85486]
	Ordinal0 [0x00AD4D79+85369]
	Ordinal0 [0x00CE85DC+2262492]
	GetHandleVerifier [0x00F72874+1487204]
	GetHandleVerifier [0x00F723CD+1486013]
	GetHandleVerifier [0x00F7A368+1518680]
	GetHandleVerifier [0x00F72F4E+1488958]
	Ordinal0 [0x00CDED0D+2223373]
	Ordinal0 [0x00CEA12B+2269483]
	Ordinal0 [0x00CEA26F+2269807]
	Ordinal0 [0x00CFECB8+2354360]
	BaseThreadInitThunk [0x776AFA29+25]
	RtlGetAppContainerNamedObjectPath [0x778F75F4+228]
	RtlGetAppContainerNamedObjectPath [0x778F75C4+180]

	at org.openqa.selenium.remote.W3CHandshakeResponse.lambda$new$0(W3CHandshakeResponse.java:57)
	at org.openqa.selenium.remote.W3CHandshakeResponse.lambda$getResponseFunction$2(W3CHandshakeResponse.java:104)
	at org.openqa.selenium.remote.ProtocolHandshake.lambda$createSession$24(ProtocolHandshake.java:359)
	at java.base/java.util.stream.ReferencePipeline$3$1.accept(ReferencePipeline.java:195)
	at java.base/java.util.Spliterators$ArraySpliterator.tryAdvance(Spliterators.java:958)
	at java.base/java.util.stream.ReferencePipeline.forEachWithCancel(ReferencePipeline.java:127)
	at java.base/java.util.stream.AbstractPipeline.copyIntoWithCancel(AbstractPipeline.java:502)
	at java.base/java.util.stream.AbstractPipeline.copyInto(AbstractPipeline.java:488)
	at java.base/java.util.stream.AbstractPipeline.wrapAndCopyInto(AbstractPipeline.java:474)
	at java.base/java.util.stream.FindOps$FindOp.evaluateSequential(FindOps.java:150)
	at java.base/java.util.stream.AbstractPipeline.evaluate(AbstractPipeline.java:234)
	at java.base/java.util.stream.ReferencePipeline.findFirst(ReferencePipeline.java:543)
	at org.openqa.selenium.remote.ProtocolHandshake.createSession(ProtocolHandshake.java:362)
	at org.openqa.selenium.remote.ProtocolHandshake.createSession(ProtocolHandshake.java:136)
	at org.openqa.selenium.remote.HttpCommandExecutor.execute(HttpCommandExecutor.java:142)
	at org.openqa.selenium.remote.service.DriverCommandExecutor.execute(DriverCommandExecutor.java:82)
	at org.openqa.selenium.remote.RemoteWebDriver.execute(RemoteWebDriver.java:646)
	at org.openqa.selenium.remote.RemoteWebDriver.startSession(RemoteWebDriver.java:255)
	at org.openqa.selenium.remote.RemoteWebDriver.startSession(RemoteWebDriver.java:237)
	at org.openqa.selenium.remote.RemoteWebDriver.&lt;init&gt;(RemoteWebDriver.java:138)
	at org.openqa.selenium.chrome.ChromeDriver.&lt;init&gt;(ChromeDriver.java:178)
	at org.openqa.selenium.chrome.ChromeDriver.&lt;init&gt;(ChromeDriver.java:167)
	at org.openqa.selenium.chrome.ChromeDriver.&lt;init&gt;(ChromeDriver.java:124)
	at pkjConfigClasses.Config.mthdInitWebDriver(Config.java:145)
	at pkjConfigClasses.Config.mthdBeforeTest(Config.java:119)
	at pkjTestCasesClasses.Test_Login_To_Flipkart.beforeTest(Test_Login_To_Flipkart.java:46)
... Removed 32 stack frames</div></td></tr></table><p class="totop"><a href="#summary">back to summary</a></p>
</body>
</html>
